------------------------------------------------------------------------------------------------------------------------

[2022-09-30 18:28:29 #1 store] 
Database '/Users/joniturrioz/git/BetCompleted22/src/main/resources/bets.temp' is opened by 2103@Macintosh-de-Inaki.local

[2022-09-30 18:28:29 #2 type.registry] 
New type domain.Team

[2022-09-30 18:28:29 #3 type] 
Type domain.Team is not enhanced.

[2022-09-30 18:28:29 #4 type.registry] 
New type domain.Event

[2022-09-30 18:28:29 #5 type.registry] 
New type java.util.Vector<domain.Event>

[2022-09-30 18:28:29 #6 type.registry] 
New type domain.User

[2022-09-30 18:28:29 #7 type.registry] 
New type domain.Registered

[2022-09-30 18:28:29 #8 type.registry] 
New type java.util.Vector<domain.Registered>

[2022-09-30 18:28:29 #9 type] 
Type domain.Event is not enhanced.

[2022-09-30 18:28:29 #10 type.registry] 
New type domain.Sport

[2022-09-30 18:28:29 #11 type.registry] 
New type domain.Question

[2022-09-30 18:28:29 #12 type.registry] 
New type java.util.Vector<domain.Question>

[2022-09-30 18:28:29 #13 type] 
Type domain.User is not enhanced.

[2022-09-30 18:28:29 #14 type.registry] 
New type domain.Elkarrizketa

[2022-09-30 18:28:29 #15 type.registry] 
New type java.util.Vector<domain.Elkarrizketa>

[2022-09-30 18:28:29 #16 type.registry] 
New type domain.Message

[2022-09-30 18:28:29 #17 type.registry] 
New type java.util.Vector<domain.Message>

[2022-09-30 18:28:29 #18 type] 
Type domain.Registered is not enhanced.

[2022-09-30 18:28:29 #19 type.registry] 
New type domain.KirolEstatistikak

[2022-09-30 18:28:29 #20 type.registry] 
New type java.util.Vector<domain.KirolEstatistikak>

[2022-09-30 18:28:29 #21 type.registry] 
New type domain.Jarraitzailea

[2022-09-30 18:28:29 #22 type.registry] 
New type java.util.Vector<domain.Jarraitzailea>

[2022-09-30 18:28:29 #23 type.registry] 
New type domain.ApustuAnitza

[2022-09-30 18:28:29 #24 type.registry] 
New type java.util.Vector<domain.ApustuAnitza>

[2022-09-30 18:28:29 #25 type.registry] 
New type domain.Transaction

[2022-09-30 18:28:29 #26 type.registry] 
New type java.util.Vector<domain.Transaction>

[2022-09-30 18:28:29 #27 type] 
Type domain.Sport is not enhanced.

[2022-09-30 18:28:29 #28 type] 
Type domain.Question is not enhanced.

[2022-09-30 18:28:29 #29 type.registry] 
New type domain.Quote

[2022-09-30 18:28:29 #30 type.registry] 
New type java.util.Vector<domain.Quote>

[2022-09-30 18:28:29 #31 type] 
Type domain.Elkarrizketa is not enhanced.

[2022-09-30 18:28:29 #32 type] 
Type domain.Message is not enhanced.

[2022-09-30 18:28:29 #33 type] 
Type domain.KirolEstatistikak is not enhanced.

[2022-09-30 18:28:29 #34 type] 
Type domain.Jarraitzailea is not enhanced.

[2022-09-30 18:28:29 #35 type] 
Type domain.ApustuAnitza is not enhanced.

[2022-09-30 18:28:29 #36 type.registry] 
New type domain.Apustua

[2022-09-30 18:28:29 #37 type.registry] 
New type java.util.Vector<domain.Apustua>

[2022-09-30 18:28:29 #38 type] 
Type domain.Transaction is not enhanced.

[2022-09-30 18:28:29 #39 type] 
Type domain.Quote is not enhanced.

[2022-09-30 18:28:29 #40 type] 
Type domain.Apustua is not enhanced.

------------------------------------------------------------------------------------------------------------------------

[2022-09-30 18:44:06 #1 store] 
Database '/Users/joniturrioz/git/BetCompleted22/src/main/resources/bets.temp' is opened by 2245@Macintosh-de-Inaki.local

------------------------------------------------------------------------------------------------------------------------

[2022-09-30 18:50:06 #1 store] 
Database '/Users/joniturrioz/git/BetCompleted22/src/main/resources/bets.temp' is opened by 2304@Macintosh-de-Inaki.local

[2022-09-30 18:50:06 #2 type.registry] 
New type domain.Team

[2022-09-30 18:50:06 #3 type] 
Type domain.Team is not enhanced.

[2022-09-30 18:50:06 #4 type.registry] 
New type domain.Event

[2022-09-30 18:50:06 #5 type.registry] 
New type java.util.Vector<domain.Event>

[2022-09-30 18:50:06 #6 type.registry] 
New type domain.Registered

[2022-09-30 18:50:06 #7 type.registry] 
New type java.util.Vector<domain.Registered>

[2022-09-30 18:50:06 #8 type] 
Type domain.Event is not enhanced.

[2022-09-30 18:50:06 #9 type.registry] 
New type domain.Sport

[2022-09-30 18:50:06 #10 type.registry] 
New type domain.Question

[2022-09-30 18:50:06 #11 type.registry] 
New type java.util.Vector<domain.Question>

[2022-09-30 18:50:06 #12 type] 
Type domain.Registered is not enhanced.

[2022-09-30 18:50:06 #13 type.registry] 
New type domain.Jarraitzailea

[2022-09-30 18:50:06 #14 type.registry] 
New type java.util.Vector<domain.Jarraitzailea>

[2022-09-30 18:50:06 #15 type.registry] 
New type domain.ApustuAnitza

[2022-09-30 18:50:06 #16 type.registry] 
New type java.util.Vector<domain.ApustuAnitza>

[2022-09-30 18:50:06 #17 type.registry] 
New type domain.Transaction

[2022-09-30 18:50:06 #18 type.registry] 
New type java.util.Vector<domain.Transaction>

[2022-09-30 18:50:06 #19 type] 
Type domain.Sport is not enhanced.

[2022-09-30 18:50:06 #20 type] 
Type domain.Question is not enhanced.

[2022-09-30 18:50:06 #21 type.registry] 
New type domain.Quote

[2022-09-30 18:50:06 #22 type.registry] 
New type java.util.Vector<domain.Quote>

[2022-09-30 18:50:06 #23 type] 
Type domain.Jarraitzailea is not enhanced.

[2022-09-30 18:50:06 #24 type] 
Type domain.ApustuAnitza is not enhanced.

[2022-09-30 18:50:06 #25 type.registry] 
New type domain.Apustua

[2022-09-30 18:50:06 #26 type.registry] 
New type java.util.Vector<domain.Apustua>

[2022-09-30 18:50:06 #27 type] 
Type domain.Transaction is not enhanced.

[2022-09-30 18:50:06 #28 type] 
Type domain.Quote is not enhanced.

[2022-09-30 18:50:06 #29 type] 
Type domain.Apustua is not enhanced.

[2022-09-30 18:50:06 #30 type.registry] 
New type java.util.Vector<java.lang.Object>

------------------------------------------------------------------------------------------------------------------------

[2022-09-30 19:07:29 #1 store] 
Database '/Users/joniturrioz/git/BetCompleted22/src/main/resources/bets.temp' is opened by 2445@Macintosh-de-Inaki.local

[2022-09-30 19:07:29 #2 type.registry] 
New type domain.Team

[2022-09-30 19:07:29 #3 type] 
Type domain.Team is not enhanced.

[2022-09-30 19:07:29 #4 type.registry] 
New type domain.Event

[2022-09-30 19:07:29 #5 type.registry] 
New type java.util.Vector<domain.Event>

[2022-09-30 19:07:29 #6 type.registry] 
New type domain.Registered

[2022-09-30 19:07:29 #7 type.registry] 
New type java.util.Vector<domain.Registered>

[2022-09-30 19:07:29 #8 type] 
Type domain.Event is not enhanced.

[2022-09-30 19:07:29 #9 type.registry] 
New type domain.Sport

[2022-09-30 19:07:29 #10 type.registry] 
New type domain.Question

[2022-09-30 19:07:29 #11 type.registry] 
New type java.util.Vector<domain.Question>

[2022-09-30 19:07:29 #12 type] 
Type domain.Registered is not enhanced.

[2022-09-30 19:07:29 #13 type.registry] 
New type domain.Jarraitzailea

[2022-09-30 19:07:29 #14 type.registry] 
New type java.util.Vector<domain.Jarraitzailea>

[2022-09-30 19:07:29 #15 type.registry] 
New type domain.ApustuAnitza

[2022-09-30 19:07:29 #16 type.registry] 
New type java.util.Vector<domain.ApustuAnitza>

[2022-09-30 19:07:29 #17 type.registry] 
New type domain.Transaction

[2022-09-30 19:07:29 #18 type.registry] 
New type java.util.Vector<domain.Transaction>

[2022-09-30 19:07:29 #19 type] 
Type domain.Sport is not enhanced.

[2022-09-30 19:07:29 #20 type] 
Type domain.Question is not enhanced.

[2022-09-30 19:07:29 #21 type.registry] 
New type domain.Quote

[2022-09-30 19:07:29 #22 type.registry] 
New type java.util.Vector<domain.Quote>

[2022-09-30 19:07:29 #23 type] 
Type domain.Jarraitzailea is not enhanced.

[2022-09-30 19:07:29 #24 type] 
Type domain.ApustuAnitza is not enhanced.

[2022-09-30 19:07:29 #25 type.registry] 
New type domain.Apustua

[2022-09-30 19:07:29 #26 type.registry] 
New type java.util.Vector<domain.Apustua>

[2022-09-30 19:07:29 #27 type] 
Type domain.Transaction is not enhanced.

[2022-09-30 19:07:29 #28 type] 
Type domain.Quote is not enhanced.

[2022-09-30 19:07:29 #29 type] 
Type domain.Apustua is not enhanced.

[2022-09-30 19:07:29 #30 type.registry] 
New type java.util.Vector<java.lang.Object>

